2025-06-16 21:33:09,729 - INFO - Ingesting {file} in ib
2025-06-16 21:33:15,414 - INFO - Ingesting {file} in ib
2025-06-16 21:33:33,594 - INFO - Ingesting {file} in ib
2025-06-16 21:33:46,688 - INFO - Ingesting {file} in ib
2025-06-16 21:33:52,399 - INFO - Ingesting {file} in ib
2025-06-16 21:34:10,430 - INFO - Ingesting {file} in ib
2025-06-16 21:35:45,586 - INFO - Ingesting {file} in ib
2025-06-16 21:36:31,823 - INFO - Ingesting {file} in ib
2025-06-16 21:41:57,002 - INFO - Ingesting {file} in ib
2025-06-16 21:42:00,296 - INFO - Ingesting {file} in ib
2025-06-16 21:42:18,196 - INFO - Ingesting {file} in ib
2025-06-16 21:43:52,436 - INFO - Ingesting {file} in ib
2025-06-16 21:44:04,353 - INFO - Ingesting {file} in ib
2025-06-16 21:44:09,808 - INFO - Ingesting {file} in ib
2025-06-16 21:44:27,938 - INFO - Ingesting {file} in ib
2025-06-16 21:46:00,914 - INFO - Ingesting {file} in ib
2025-06-16 21:46:47,610 - INFO - Ingesting {file} in ib
2025-06-16 21:57:13,295 - INFO - Ingesting {file} in ib
2025-06-16 21:57:15,025 - ERROR - No such comm target registered: jupyter.widget.control
2025-06-16 21:57:15,033 - WARNING - No such comm: 9ea0390e-5ec5-4bfb-8040-02c61f081ffd
2025-06-16 21:57:15,033 - DEBUG - Current comms: []
2025-06-16 22:13:44,108 - ERROR - No such comm target registered: jupyter.widget.control
2025-06-16 22:13:44,110 - WARNING - No such comm: 9ded6627-5d7a-40c6-8169-216cd135d696
2025-06-16 22:13:44,110 - DEBUG - Current comms: []
2025-06-16 22:18:30,894 - ERROR - No such comm target registered: jupyter.widget.control
2025-06-16 22:18:30,895 - WARNING - No such comm: e792ae57-21ad-4c6c-a91f-90c7d7c54657
2025-06-16 22:18:30,895 - DEBUG - Current comms: []
2025-06-16 23:20:27,546 - ERROR - No such comm target registered: jupyter.widget.control
2025-06-16 23:20:27,557 - WARNING - No such comm: 44efeb05-6ebb-47b1-924a-6664cb927d61
2025-06-16 23:20:27,557 - DEBUG - Current comms: []
2025-06-16 23:20:33,430 - ERROR - No such comm target registered: jupyter.widget.control
2025-06-16 23:20:33,432 - WARNING - No such comm: 4807493d-5bfd-4657-9d16-0602b7f361b7
2025-06-16 23:20:33,433 - DEBUG - Current comms: []
2025-07-07 14:05:16,227 - INFO - Creating Vendor Summary Table...
2025-07-07 14:07:19,804 - INFO - Summary Head:
   VendorNumber                   VendorName  Brand              Description  \
0          1128  BROWN-FORMAN CORP             1233  Jack Daniels No 7 Black   
1          4425        MARTIGNETTI COMPANIES   3405    Tito's Handmade Vodka   
2         17035  PERNOD RICARD USA             8068         Absolut 80 Proof   
3          3960  DIAGEO NORTH AMERICA INC      4261   Capt Morgan Spiced Rum   
4          3960  DIAGEO NORTH AMERICA INC      3545          Ketel One Vodka   

   PurchasePrice  ActualPrice Volume  TotalPurchaseQuantity  \
0          26.27        36.99   1750                 145080   
1          23.19        28.99   1750                 164038   
2          18.24        24.99   1750                 187407   
3          16.17        22.99   1750                 201682   
4          21.89        29.99   1750                 138109   

   TotalPurchaseDollars  TotalSalesQuantity  TotalSalesDollars  \
0            3811251.60            142049.0         5101919.51   
1            3804041.22            160247.0         4819073.49   
2            3418303.68            187140.0         4538120.60   
3            3261197.94            200412.0         4475972.88   
4            3023206.01            135838.0         4223107.62   

   TotalSalesPrice  TotalExciseTax  FreightCost  
0        672819.31       260999.20     68601.68  
1        561512.37       294438.66    144929.24  
2        461140.15       343854.07    123780.22  
3        420050.01       368242.80    257032.07  
4        545778.28       249587.83    257032.07  
2025-07-07 14:07:19,804 - INFO - Cleaning Data...
2025-07-07 14:07:19,859 - INFO - Clean Data Head:
   VendorNumber                VendorName  Brand              Description  \
0          1128         BROWN-FORMAN CORP   1233  Jack Daniels No 7 Black   
1          4425     MARTIGNETTI COMPANIES   3405    Tito's Handmade Vodka   
2         17035         PERNOD RICARD USA   8068         Absolut 80 Proof   
3          3960  DIAGEO NORTH AMERICA INC   4261   Capt Morgan Spiced Rum   
4          3960  DIAGEO NORTH AMERICA INC   3545          Ketel One Vodka   

   PurchasePrice  ActualPrice  Volume  TotalPurchaseQuantity  \
0          26.27        36.99  1750.0                 145080   
1          23.19        28.99  1750.0                 164038   
2          18.24        24.99  1750.0                 187407   
3          16.17        22.99  1750.0                 201682   
4          21.89        29.99  1750.0                 138109   

   TotalPurchaseDollars  TotalSalesQuantity  TotalSalesDollars  \
0            3811251.60            142049.0         5101919.51   
1            3804041.22            160247.0         4819073.49   
2            3418303.68            187140.0         4538120.60   
3            3261197.94            200412.0         4475972.88   
4            3023206.01            135838.0         4223107.62   

   TotalSalesPrice  TotalExciseTax  FreightCost  GrossProfit  ProfitMargin  \
0        672819.31       260999.20     68601.68   1290667.91      0.252977   
1        561512.37       294438.66    144929.24   1015032.27      0.210628   
2        461140.15       343854.07    123780.22   1119816.92      0.246758   
3        420050.01       368242.80    257032.07   1214774.94      0.271399   
4        545778.28       249587.83    257032.07   1199901.61      0.284128   

   StockTurnovr  SalesPurchaseRatio  
0      0.979108            1.338647  
1      0.976890            1.266830  
2      0.998575            1.327594  
3      0.993703            1.372493  
4      0.983556            1.396897  
2025-07-07 14:07:19,860 - INFO - Ingesting data...
2025-07-07 14:07:19,994 - INFO - Data ingestion completed successfully.
2025-07-07 14:09:25,941 - INFO - Creating Vendor Summary Table.........
2025-07-07 16:40:42,651 - INFO - Creating Vendor Summary Table.........
2025-07-07 16:40:43,784 - INFO - Creating Vendor Summary Table.........
2025-07-07 16:40:45,258 - INFO - Creating Vendor Summary Table.........
2025-07-07 16:40:46,584 - INFO - Creating Vendor Summary Table.........
2025-07-07 16:40:47,953 - INFO - Creating Vendor Summary Table.........
2025-07-07 16:43:05,675 - INFO - Creating Vendor Summary Table.........
2025-07-07 16:43:55,333 - INFO - Creating Vendor Summary Table.........
2025-07-07 16:45:02,806 - INFO -    VendorNumber                   VendorName  Brand              Description  \
0          1128  BROWN-FORMAN CORP             1233  Jack Daniels No 7 Black   
1          4425        MARTIGNETTI COMPANIES   3405    Tito's Handmade Vodka   
2         17035  PERNOD RICARD USA             8068         Absolut 80 Proof   
3          3960  DIAGEO NORTH AMERICA INC      4261   Capt Morgan Spiced Rum   
4          3960  DIAGEO NORTH AMERICA INC      3545          Ketel One Vodka   

   PurchasePrice  ActualPrice Volume  TotalPurchaseQuantity  \
0          26.27        36.99   1750                 145080   
1          23.19        28.99   1750                 164038   
2          18.24        24.99   1750                 187407   
3          16.17        22.99   1750                 201682   
4          21.89        29.99   1750                 138109   

   TotalPurchaseDollars  TotalSalesQuantity  TotalSalesDollars  \
0            3811251.60            142049.0         5101919.51   
1            3804041.22            160247.0         4819073.49   
2            3418303.68            187140.0         4538120.60   
3            3261197.94            200412.0         4475972.88   
4            3023206.01            135838.0         4223107.62   

   TotalSalesPrice  TotalExciseTax  FreightCost  
0        672819.31       260999.20     68601.68  
1        561512.37       294438.66    144929.24  
2        461140.15       343854.07    123780.22  
3        420050.01       368242.80    257032.07  
4        545778.28       249587.83    257032.07  
2025-07-07 16:45:02,816 - INFO - Cleaning Data........
2025-07-07 16:45:02,838 - INFO -    VendorNumber                VendorName  Brand              Description  \
0          1128         BROWN-FORMAN CORP   1233  Jack Daniels No 7 Black   
1          4425     MARTIGNETTI COMPANIES   3405    Tito's Handmade Vodka   
2         17035         PERNOD RICARD USA   8068         Absolut 80 Proof   
3          3960  DIAGEO NORTH AMERICA INC   4261   Capt Morgan Spiced Rum   
4          3960  DIAGEO NORTH AMERICA INC   3545          Ketel One Vodka   

   PurchasePrice  ActualPrice  Volume  TotalPurchaseQuantity  \
0          26.27        36.99  1750.0                 145080   
1          23.19        28.99  1750.0                 164038   
2          18.24        24.99  1750.0                 187407   
3          16.17        22.99  1750.0                 201682   
4          21.89        29.99  1750.0                 138109   

   TotalPurchaseDollars  TotalSalesQuantity  TotalSalesDollars  \
0            3811251.60            142049.0         5101919.51   
1            3804041.22            160247.0         4819073.49   
2            3418303.68            187140.0         4538120.60   
3            3261197.94            200412.0         4475972.88   
4            3023206.01            135838.0         4223107.62   

   TotalSalesPrice  TotalExciseTax  FreightCost  GrossProfit  ProfitMargin  \
0        672819.31       260999.20     68601.68   1290667.91      0.252977   
1        561512.37       294438.66    144929.24   1015032.27      0.210628   
2        461140.15       343854.07    123780.22   1119816.92      0.246758   
3        420050.01       368242.80    257032.07   1214774.94      0.271399   
4        545778.28       249587.83    257032.07   1199901.61      0.284128   

   StockTurnovr  SalesPurchaseRatio  
0      0.979108            1.338647  
1      0.976890            1.266830  
2      0.998575            1.327594  
3      0.993703            1.372493  
4      0.983556            1.396897  
2025-07-07 16:45:02,851 - INFO - Ingesting data..........
2025-07-07 16:45:02,962 - INFO - Completed
2025-07-07 16:52:01,071 - INFO - Creating Vendor Summary Table...
2025-07-07 16:53:08,001 - INFO - Vendor Summary Preview:
   VendorNumber                   VendorName  Brand              Description  \
0          1128  BROWN-FORMAN CORP             1233  Jack Daniels No 7 Black   
1          4425        MARTIGNETTI COMPANIES   3405    Tito's Handmade Vodka   
2         17035  PERNOD RICARD USA             8068         Absolut 80 Proof   
3          3960  DIAGEO NORTH AMERICA INC      4261   Capt Morgan Spiced Rum   
4          3960  DIAGEO NORTH AMERICA INC      3545          Ketel One Vodka   

   PurchasePrice  ActualPrice Volume  TotalPurchaseQuantity  \
0          26.27        36.99   1750                 145080   
1          23.19        28.99   1750                 164038   
2          18.24        24.99   1750                 187407   
3          16.17        22.99   1750                 201682   
4          21.89        29.99   1750                 138109   

   TotalPurchaseDollars  TotalSalesQuantity  TotalSalesDollars  \
0            3811251.60            142049.0         5101919.51   
1            3804041.22            160247.0         4819073.49   
2            3418303.68            187140.0         4538120.60   
3            3261197.94            200412.0         4475972.88   
4            3023206.01            135838.0         4223107.62   

   TotalSalesPrice  TotalExciseTax  FreightCost  
0        672819.31       260999.20     68601.68  
1        561512.37       294438.66    144929.24  
2        461140.15       343854.07    123780.22  
3        420050.01       368242.80    257032.07  
4        545778.28       249587.83    257032.07  
2025-07-07 16:53:08,002 - INFO - Cleaning Data...
2025-07-07 16:53:08,047 - INFO - Cleaned Data Preview:
   VendorNumber                VendorName  Brand              Description  \
0          1128         BROWN-FORMAN CORP   1233  Jack Daniels No 7 Black   
1          4425     MARTIGNETTI COMPANIES   3405    Tito's Handmade Vodka   
2         17035         PERNOD RICARD USA   8068         Absolut 80 Proof   
3          3960  DIAGEO NORTH AMERICA INC   4261   Capt Morgan Spiced Rum   
4          3960  DIAGEO NORTH AMERICA INC   3545          Ketel One Vodka   

   PurchasePrice  ActualPrice  Volume  TotalPurchaseQuantity  \
0          26.27        36.99  1750.0                 145080   
1          23.19        28.99  1750.0                 164038   
2          18.24        24.99  1750.0                 187407   
3          16.17        22.99  1750.0                 201682   
4          21.89        29.99  1750.0                 138109   

   TotalPurchaseDollars  TotalSalesQuantity  TotalSalesDollars  \
0            3811251.60            142049.0         5101919.51   
1            3804041.22            160247.0         4819073.49   
2            3418303.68            187140.0         4538120.60   
3            3261197.94            200412.0         4475972.88   
4            3023206.01            135838.0         4223107.62   

   TotalSalesPrice  TotalExciseTax  FreightCost  GrossProfit  ProfitMargin  \
0        672819.31       260999.20     68601.68   1290667.91      0.252977   
1        561512.37       294438.66    144929.24   1015032.27      0.210628   
2        461140.15       343854.07    123780.22   1119816.92      0.246758   
3        420050.01       368242.80    257032.07   1214774.94      0.271399   
4        545778.28       249587.83    257032.07   1199901.61      0.284128   

   StockTurnovr  SalesPurchaseRatio  
0      0.979108            1.338647  
1      0.976890            1.266830  
2      0.998575            1.327594  
3      0.993703            1.372493  
4      0.983556            1.396897  
2025-07-07 16:53:08,047 - INFO - Ingesting data to database...
2025-07-07 16:53:08,185 - INFO - Data ingestion complete.
2025-07-07 16:53:08,575 - INFO - CSV exported to output/vendor_sales_summary.csv
